0 info it worked if it ends with ok
1 verbose cli [ 'C:\\Program Files\\nodejs\\node.exe',
1 verbose cli   'C:\\Program Files\\nodejs\\node_modules\\npm\\bin\\npm-cli.js',
1 verbose cli   'install',
1 verbose cli   'cloudinary',
1 verbose cli   '--save' ]
2 info using npm@2.15.5
3 info using node@v4.4.6
4 verbose install initial load of c:\RCB\Group Project3\Questive\questiveMeteor\package.json
5 verbose installManyTop reading scoped package data from c:\RCB\Group Project3\Questive\questiveMeteor\node_modules\asap\package.json
6 verbose installManyTop reading scoped package data from c:\RCB\Group Project3\Questive\questiveMeteor\node_modules\babel-runtime\package.json
7 verbose installManyTop reading scoped package data from c:\RCB\Group Project3\Questive\questiveMeteor\node_modules\bcryptjs\package.json
8 verbose installManyTop reading scoped package data from c:\RCB\Group Project3\Questive\questiveMeteor\node_modules\classnames\package.json
9 verbose installManyTop reading scoped package data from c:\RCB\Group Project3\Questive\questiveMeteor\node_modules\cloudinary\package.json
10 verbose installManyTop reading scoped package data from c:\RCB\Group Project3\Questive\questiveMeteor\node_modules\core-js\package.json
11 verbose installManyTop reading scoped package data from c:\RCB\Group Project3\Questive\questiveMeteor\node_modules\deep-equal\package.json
12 verbose installManyTop reading scoped package data from c:\RCB\Group Project3\Questive\questiveMeteor\node_modules\dom-helpers\package.json
13 verbose installManyTop reading scoped package data from c:\RCB\Group Project3\Questive\questiveMeteor\node_modules\encoding\package.json
14 verbose installManyTop reading scoped package data from c:\RCB\Group Project3\Questive\questiveMeteor\node_modules\fbjs\package.json
15 verbose installManyTop reading scoped package data from c:\RCB\Group Project3\Questive\questiveMeteor\node_modules\history\package.json
16 verbose installManyTop reading scoped package data from c:\RCB\Group Project3\Questive\questiveMeteor\node_modules\hoist-non-react-statics\package.json
17 verbose installManyTop reading scoped package data from c:\RCB\Group Project3\Questive\questiveMeteor\node_modules\iconv-lite\package.json
18 verbose installManyTop reading scoped package data from c:\RCB\Group Project3\Questive\questiveMeteor\node_modules\immutable\package.json
19 verbose installManyTop reading scoped package data from c:\RCB\Group Project3\Questive\questiveMeteor\node_modules\invariant\package.json
20 verbose installManyTop reading scoped package data from c:\RCB\Group Project3\Questive\questiveMeteor\node_modules\is-stream\package.json
21 verbose installManyTop reading scoped package data from c:\RCB\Group Project3\Questive\questiveMeteor\node_modules\isomorphic-fetch\package.json
22 verbose installManyTop reading scoped package data from c:\RCB\Group Project3\Questive\questiveMeteor\node_modules\js-tokens\package.json
23 verbose installManyTop reading scoped package data from c:\RCB\Group Project3\Questive\questiveMeteor\node_modules\keycode\package.json
24 verbose installManyTop reading scoped package data from c:\RCB\Group Project3\Questive\questiveMeteor\node_modules\loose-envify\package.json
25 verbose installManyTop reading scoped package data from c:\RCB\Group Project3\Questive\questiveMeteor\node_modules\meteor-node-stubs\package.json
26 verbose installManyTop reading scoped package data from c:\RCB\Group Project3\Questive\questiveMeteor\node_modules\node-fetch\package.json
27 verbose installManyTop reading scoped package data from c:\RCB\Group Project3\Questive\questiveMeteor\node_modules\npm-debug.log\package.json
28 verbose installManyTop reading scoped package data from c:\RCB\Group Project3\Questive\questiveMeteor\node_modules\object-assign\package.json
29 verbose installManyTop reading scoped package data from c:\RCB\Group Project3\Questive\questiveMeteor\node_modules\promise\package.json
30 verbose installManyTop reading scoped package data from c:\RCB\Group Project3\Questive\questiveMeteor\node_modules\query-string\package.json
31 verbose installManyTop reading scoped package data from c:\RCB\Group Project3\Questive\questiveMeteor\node_modules\react\package.json
32 verbose installManyTop reading scoped package data from c:\RCB\Group Project3\Questive\questiveMeteor\node_modules\react-addons-pure-render-mixin\package.json
33 verbose installManyTop reading scoped package data from c:\RCB\Group Project3\Questive\questiveMeteor\node_modules\react-bootstrap\package.json
34 verbose installManyTop reading scoped package data from c:\RCB\Group Project3\Questive\questiveMeteor\node_modules\react-dom\package.json
35 verbose installManyTop reading scoped package data from c:\RCB\Group Project3\Questive\questiveMeteor\node_modules\react-dropzone\package.json
36 verbose installManyTop reading scoped package data from c:\RCB\Group Project3\Questive\questiveMeteor\node_modules\react-mounter\package.json
37 verbose installManyTop reading scoped package data from c:\RCB\Group Project3\Questive\questiveMeteor\node_modules\react-overlays\package.json
38 verbose installManyTop reading scoped package data from c:\RCB\Group Project3\Questive\questiveMeteor\node_modules\react-prop-types\package.json
39 verbose installManyTop reading scoped package data from c:\RCB\Group Project3\Questive\questiveMeteor\node_modules\react-router\package.json
40 verbose installManyTop reading scoped package data from c:\RCB\Group Project3\Questive\questiveMeteor\node_modules\regenerator-runtime\package.json
41 verbose installManyTop reading scoped package data from c:\RCB\Group Project3\Questive\questiveMeteor\node_modules\strict-uri-encode\package.json
42 verbose installManyTop reading scoped package data from c:\RCB\Group Project3\Questive\questiveMeteor\node_modules\superagent\package.json
43 verbose installManyTop reading scoped package data from c:\RCB\Group Project3\Questive\questiveMeteor\node_modules\ua-parser-js\package.json
44 verbose installManyTop reading scoped package data from c:\RCB\Group Project3\Questive\questiveMeteor\node_modules\uncontrollable\package.json
45 verbose installManyTop reading scoped package data from c:\RCB\Group Project3\Questive\questiveMeteor\node_modules\warning\package.json
46 verbose installManyTop reading scoped package data from c:\RCB\Group Project3\Questive\questiveMeteor\node_modules\whatwg-fetch\package.json
47 info package.json hoist-non-react-statics@1.2.0 No license field.
48 info package.json ua-parser-js@0.7.10 No license field.
49 verbose readDependencies loading dependencies from c:\RCB\Group Project3\Questive\questiveMeteor\package.json
50 verbose install cloudinary is installed as 1.4.3
51 silly cache add args [ 'cloudinary@^1.4.3', null ]
52 verbose cache add spec cloudinary@^1.4.3
53 silly cache add parsed spec Result {
53 silly cache add   raw: 'cloudinary@^1.4.3',
53 silly cache add   scope: null,
53 silly cache add   name: 'cloudinary',
53 silly cache add   rawSpec: '^1.4.3',
53 silly cache add   spec: '>=1.4.3 <2.0.0',
53 silly cache add   type: 'range' }
54 silly addNamed cloudinary@>=1.4.3 <2.0.0
55 verbose addNamed ">=1.4.3 <2.0.0" is a valid semver range for cloudinary
56 silly addNameRange { name: 'cloudinary', range: '>=1.4.3 <2.0.0', hasData: false }
57 silly mapToRegistry name cloudinary
58 silly mapToRegistry using default registry
59 silly mapToRegistry registry https://registry.npmjs.org/
60 silly mapToRegistry data Result {
60 silly mapToRegistry   raw: 'cloudinary',
60 silly mapToRegistry   scope: null,
60 silly mapToRegistry   name: 'cloudinary',
60 silly mapToRegistry   rawSpec: '',
60 silly mapToRegistry   spec: 'latest',
60 silly mapToRegistry   type: 'tag' }
61 silly mapToRegistry uri https://registry.npmjs.org/cloudinary
62 verbose addNameRange registry:https://registry.npmjs.org/cloudinary not in flight; fetching
63 verbose request uri https://registry.npmjs.org/cloudinary
64 verbose request no auth needed
65 info attempt registry request try #1 at 7:53:59 AM
66 verbose request id 7497292bcfe531c7
67 verbose etag "6JERT4HS49645KNV5H22KSFE6"
68 http request GET https://registry.npmjs.org/cloudinary
69 http 304 https://registry.npmjs.org/cloudinary
70 verbose headers { date: 'Sat, 15 Oct 2016 11:53:51 GMT',
70 verbose headers   via: '1.1 varnish',
70 verbose headers   'cache-control': 'max-age=300',
70 verbose headers   etag: '"6JERT4HS49645KNV5H22KSFE6"',
70 verbose headers   age: '0',
70 verbose headers   connection: 'keep-alive',
70 verbose headers   'x-served-by': 'cache-jfk8140-JFK',
70 verbose headers   'x-cache': 'MISS',
70 verbose headers   'x-cache-hits': '0',
70 verbose headers   'x-timer': 'S1476532431.760494,VS0,VE355',
70 verbose headers   vary: 'Accept-Encoding' }
71 silly get cb [ 304,
71 silly get   { date: 'Sat, 15 Oct 2016 11:53:51 GMT',
71 silly get     via: '1.1 varnish',
71 silly get     'cache-control': 'max-age=300',
71 silly get     etag: '"6JERT4HS49645KNV5H22KSFE6"',
71 silly get     age: '0',
71 silly get     connection: 'keep-alive',
71 silly get     'x-served-by': 'cache-jfk8140-JFK',
71 silly get     'x-cache': 'MISS',
71 silly get     'x-cache-hits': '0',
71 silly get     'x-timer': 'S1476532431.760494,VS0,VE355',
71 silly get     vary: 'Accept-Encoding' } ]
72 verbose etag https://registry.npmjs.org/cloudinary from cache
73 verbose get saving cloudinary to C:\Users\jcassell\AppData\Roaming\npm-cache\registry.npmjs.org\cloudinary\.cache.json
74 verbose correctMkdir C:\Users\jcassell\AppData\Roaming\npm-cache correctMkdir not in flight; initializing
75 silly addNameRange number 2 { name: 'cloudinary', range: '>=1.4.3 <2.0.0', hasData: true }
76 silly addNameRange versions [ 'cloudinary',
76 silly addNameRange   [ '0.0.1',
76 silly addNameRange     '0.0.2',
76 silly addNameRange     '0.0.3',
76 silly addNameRange     '0.2.1',
76 silly addNameRange     '0.2.2',
76 silly addNameRange     '0.2.3',
76 silly addNameRange     '0.2.4',
76 silly addNameRange     '0.2.5',
76 silly addNameRange     '0.2.6',
76 silly addNameRange     '0.2.7',
76 silly addNameRange     '1.0.1',
76 silly addNameRange     '1.0.2',
76 silly addNameRange     '1.0.3',
76 silly addNameRange     '1.0.4',
76 silly addNameRange     '1.0.5',
76 silly addNameRange     '1.0.6',
76 silly addNameRange     '1.0.7',
76 silly addNameRange     '1.0.8',
76 silly addNameRange     '1.0.9',
76 silly addNameRange     '1.0.10',
76 silly addNameRange     '1.0.11',
76 silly addNameRange     '1.0.12',
76 silly addNameRange     '1.0.13',
76 silly addNameRange     '1.1.0',
76 silly addNameRange     '1.1.1',
76 silly addNameRange     '1.1.2',
76 silly addNameRange     '1.2.0',
76 silly addNameRange     '1.2.1',
76 silly addNameRange     '1.2.2',
76 silly addNameRange     '1.2.3',
76 silly addNameRange     '1.2.4',
76 silly addNameRange     '1.2.5',
76 silly addNameRange     '1.2.6',
76 silly addNameRange     '1.3.0',
76 silly addNameRange     '1.3.1',
76 silly addNameRange     '1.4.0',
76 silly addNameRange     '1.4.1',
76 silly addNameRange     '1.4.2',
76 silly addNameRange     '1.4.3' ] ]
77 silly addNamed cloudinary@1.4.3
78 verbose addNamed "1.4.3" is a plain semver version for cloudinary
79 silly cache afterAdd cloudinary@1.4.3
80 verbose afterAdd C:\Users\jcassell\AppData\Roaming\npm-cache\cloudinary\1.4.3\package\package.json not in flight; writing
81 verbose correctMkdir C:\Users\jcassell\AppData\Roaming\npm-cache correctMkdir not in flight; initializing
82 verbose afterAdd C:\Users\jcassell\AppData\Roaming\npm-cache\cloudinary\1.4.3\package\package.json written
83 silly install resolved [ { author: { name: 'Cloudinary', email: 'info@cloudinary.com' },
83 silly install resolved     name: 'cloudinary',
83 silly install resolved     description: 'Cloudinary NPM for node.js integration',
83 silly install resolved     version: '1.4.3',
83 silly install resolved     homepage: 'http://cloudinary.com',
83 silly install resolved     license: 'MIT',
83 silly install resolved     repository:
83 silly install resolved      { type: 'git',
83 silly install resolved        url: 'git+https://github.com/cloudinary/cloudinary_npm.git' },
83 silly install resolved     main: 'cloudinary.js',
83 silly install resolved     dependencies: { q: '1.4.x', lodash: '3.10.x' },
83 silly install resolved     devDependencies:
83 silly install resolved      { 'coffee-script': '^1.10.0',
83 silly install resolved        dotenv: '1.x',
83 silly install resolved        'expect.js': '0.3.x',
83 silly install resolved        mocha: '2.3.x',
83 silly install resolved        sinon: '^1.17.2' },
83 silly install resolved     scripts:
83 silly install resolved      { pretest: 'npm run compile',
83 silly install resolved        prepublish: 'npm run compile',
83 silly install resolved        test: 'mocha -R spec --recursive test/',
83 silly install resolved        compile: 'coffee --map -o lib -c src' },
83 silly install resolved     optionalDependencies: {},
83 silly install resolved     engines: { node: '>=0.6' },
83 silly install resolved     browserify: { transform: [Object] },
83 silly install resolved     gitHead: 'd2ff92b9312cdecb97984a082e37c00d6d6d5424',
83 silly install resolved     bugs: { url: 'https://github.com/cloudinary/cloudinary_npm/issues' },
83 silly install resolved     _id: 'cloudinary@1.4.3',
83 silly install resolved     _shasum: 'cd746dee696fd8d97f44d14a3e1645a7d08d0c69',
83 silly install resolved     _from: 'cloudinary@>=1.4.3 <2.0.0',
83 silly install resolved     _npmVersion: '3.8.6',
83 silly install resolved     _nodeVersion: '5.11.1',
83 silly install resolved     _npmUser: { name: 'cloudinary', email: 'info@cloudinary.com' },
83 silly install resolved     dist:
83 silly install resolved      { shasum: 'cd746dee696fd8d97f44d14a3e1645a7d08d0c69',
83 silly install resolved        tarball: 'https://registry.npmjs.org/cloudinary/-/cloudinary-1.4.3.tgz' },
83 silly install resolved     maintainers: [ [Object] ],
83 silly install resolved     _npmOperationalInternal:
83 silly install resolved      { host: 'packages-12-west.internal.npmjs.com',
83 silly install resolved        tmp: 'tmp/cloudinary-1.4.3.tgz_1474465510956_0.7024171529337764' },
83 silly install resolved     directories: {},
83 silly install resolved     _resolved: 'https://registry.npmjs.org/cloudinary/-/cloudinary-1.4.3.tgz',
83 silly install resolved     readme: 'ERROR: No README data found!' } ]
84 info install cloudinary@1.4.3 into c:\RCB\Group Project3\Questive\questiveMeteor
85 info installOne cloudinary@1.4.3
86 verbose installOne of cloudinary to c:\RCB\Group Project3\Questive\questiveMeteor not in flight; installing
87 verbose correctMkdir C:\Users\jcassell\AppData\Roaming\npm-cache\_locks correctMkdir not in flight; initializing
88 verbose lock using C:\Users\jcassell\AppData\Roaming\npm-cache\_locks\cloudinary-c19de3098511f404.lock for c:\RCB\Group Project3\Questive\questiveMeteor\node_modules\cloudinary
89 silly install write writing cloudinary 1.4.3 to c:\RCB\Group Project3\Questive\questiveMeteor\node_modules\cloudinary
90 verbose unbuild node_modules\cloudinary
91 info preuninstall cloudinary@1.4.3
92 info uninstall cloudinary@1.4.3
93 verbose unbuild rmStuff cloudinary@1.4.3 from c:\RCB\Group Project3\Questive\questiveMeteor\node_modules
94 info postuninstall cloudinary@1.4.3
95 silly gentlyRm c:\RCB\Group Project3\Questive\questiveMeteor\node_modules\cloudinary is being purged from base c:\RCB\Group Project3\Questive\questiveMeteor
96 verbose gentlyRm don't care about contents; nuking c:\RCB\Group Project3\Questive\questiveMeteor\node_modules\cloudinary
97 silly vacuum-fs purging c:\RCB\Group Project3\Questive\questiveMeteor\node_modules\cloudinary
98 silly vacuum-fs quitting because other entries in c:\RCB\Group Project3\Questive\questiveMeteor\node_modules
99 verbose tar unpack C:\Users\jcassell\AppData\Roaming\npm-cache\cloudinary\1.4.3\package.tgz
100 verbose tar unpacking to c:\RCB\Group Project3\Questive\questiveMeteor\node_modules\cloudinary
101 silly gentlyRm c:\RCB\Group Project3\Questive\questiveMeteor\node_modules\cloudinary is being purged
102 verbose gentlyRm don't care about contents; nuking c:\RCB\Group Project3\Questive\questiveMeteor\node_modules\cloudinary
103 silly vacuum-fs Error: EPERM: operation not permitted, lstat 'c:\RCB\Group Project3\Questive\questiveMeteor\node_modules\cloudinary'
103 silly vacuum-fs     at Error (native)
104 verbose unlock done using C:\Users\jcassell\AppData\Roaming\npm-cache\_locks\cloudinary-c19de3098511f404.lock for c:\RCB\Group Project3\Questive\questiveMeteor\node_modules\cloudinary
105 verbose stack Error: EPERM: operation not permitted, lstat 'c:\RCB\Group Project3\Questive\questiveMeteor\node_modules\cloudinary'
105 verbose stack     at Error (native)
106 verbose cwd c:\RCB\Group Project3\Questive\questiveMeteor
107 error Windows_NT 10.0.14393
108 error argv "C:\\Program Files\\nodejs\\node.exe" "C:\\Program Files\\nodejs\\node_modules\\npm\\bin\\npm-cli.js" "install" "cloudinary" "--save"
109 error node v4.4.6
110 error npm  v2.15.5
111 error path c:\RCB\Group Project3\Questive\questiveMeteor\node_modules\cloudinary
112 error code EPERM
113 error errno -4048
114 error syscall lstat
115 error Error: EPERM: operation not permitted, lstat 'c:\RCB\Group Project3\Questive\questiveMeteor\node_modules\cloudinary'
115 error     at Error (native)
115 error  { [Error: EPERM: operation not permitted, lstat 'c:\RCB\Group Project3\Questive\questiveMeteor\node_modules\cloudinary']
115 error   errno: -4048,
115 error   code: 'EPERM',
115 error   syscall: 'lstat',
115 error   path: 'c:\\RCB\\Group Project3\\Questive\\questiveMeteor\\node_modules\\cloudinary' }
116 error Please try running this command again as root/Administrator.
117 verbose exit [ -4048, true ]
118 verbose unbuild node_modules\cloudinary
119 silly gentlyRm c:\RCB\Group Project3\Questive\questiveMeteor\node_modules\cloudinary is being purged from base c:\RCB\Group Project3\Questive\questiveMeteor
120 verbose gentlyRm don't care about contents; nuking c:\RCB\Group Project3\Questive\questiveMeteor\node_modules\cloudinary
